{
  "Cucumber Features": {
    "coverage": {
      "/home/ec2-user/environment/TAMUber/app/models/user.rb": [
        1,
        null,
        null,
        1,
        null,
        null
      ],
      "/home/ec2-user/environment/TAMUber/app/models/application_record.rb": [
        1,
        1,
        null
      ],
      "/home/ec2-user/environment/TAMUber/app/controllers/onduties_controller.rb": [
        1,
        1,
        1,
        1,
        null,
        1,
        0,
        null,
        null,
        1,
        0,
        null,
        null,
        1,
        0,
        null,
        null,
        1,
        null,
        null,
        1,
        null,
        null,
        1,
        0,
        0,
        0,
        null,
        null,
        1,
        null,
        null,
        1,
        0,
        0,
        0,
        null,
        null,
        1,
        0,
        0,
        0,
        null,
        null,
        1,
        0,
        0,
        0,
        null,
        0,
        0,
        0,
        0,
        null,
        0,
        0,
        0,
        0,
        null,
        null,
        0,
        null,
        0,
        null,
        null
      ],
      "/home/ec2-user/environment/TAMUber/app/controllers/application_controller.rb": [
        1,
        1,
        null,
        1,
        7,
        7,
        null,
        null
      ],
      "/home/ec2-user/environment/TAMUber/app/helpers/application_helper.rb": [
        1,
        null
      ],
      "/home/ec2-user/environment/TAMUber/app/helpers/drivers_helper.rb": [
        1,
        null
      ],
      "/home/ec2-user/environment/TAMUber/app/helpers/events_helper.rb": [
        1,
        null
      ],
      "/home/ec2-user/environment/TAMUber/app/helpers/onduties_helper.rb": [
        1,
        null
      ],
      "/home/ec2-user/environment/TAMUber/app/helpers/requests_helper.rb": [
        1,
        null
      ],
      "/home/ec2-user/environment/TAMUber/app/helpers/schedules_helper.rb": [
        1,
        null
      ],
      "/home/ec2-user/environment/TAMUber/app/helpers/users_helper.rb": [
        1,
        null
      ],
      "/home/ec2-user/environment/TAMUber/app/helpers/vehicles_helper.rb": [
        1,
        null
      ],
      "/home/ec2-user/environment/TAMUber/app/controllers/vehicles_controller.rb": [
        1,
        1,
        1,
        null,
        1,
        0,
        null,
        null,
        1,
        0,
        null,
        null,
        1,
        0,
        null,
        null,
        1,
        null,
        null,
        1,
        null,
        null,
        1,
        0,
        0,
        0,
        null,
        null,
        1,
        null,
        null,
        1,
        0,
        0,
        0,
        null,
        null,
        1,
        0,
        0,
        0,
        null,
        null
      ],
      "/home/ec2-user/environment/TAMUber/app/models/vehicle.rb": [
        1,
        null
      ],
      "/home/ec2-user/environment/TAMUber/app/controllers/schedules_controller.rb": [
        0,
        0,
        0,
        null,
        null,
        null,
        0,
        0,
        0,
        0,
        0,
        0,
        0,
        0,
        null,
        null,
        null,
        0,
        0,
        null,
        null,
        0,
        0,
        0,
        null,
        null,
        0,
        0,
        null,
        null,
        null,
        0,
        0,
        null,
        0,
        0,
        0,
        0,
        0,
        0,
        0,
        0,
        0,
        0,
        null,
        null,
        null,
        0,
        0,
        0,
        0,
        0,
        0,
        0,
        0,
        0,
        0,
        0,
        null,
        null,
        null,
        0,
        0,
        0,
        0,
        0,
        0,
        0,
        null,
        0,
        null,
        0,
        0,
        0,
        null,
        null,
        0,
        0,
        0,
        0
      ],
      "/home/ec2-user/environment/TAMUber/app/controllers/alerts_controller.rb": [
        0,
        0,
        0,
        null,
        0,
        0,
        0,
        null,
        0,
        0,
        0,
        null,
        0,
        0,
        0,
        null,
        0,
        0,
        null,
        0,
        0,
        0,
        0,
        0,
        null,
        0
      ],
      "/home/ec2-user/environment/TAMUber/app/controllers/drivers_controller.rb": [
        0,
        0,
        0,
        null,
        0,
        0,
        0,
        null,
        0,
        0,
        0,
        null,
        0,
        0,
        0,
        null,
        0,
        0,
        null,
        0,
        0,
        0,
        0,
        null,
        0,
        0,
        0,
        0,
        0,
        null,
        0,
        0,
        0,
        null,
        0,
        0,
        0,
        0,
        0,
        null,
        0,
        0,
        0,
        0,
        0,
        0
      ],
      "/home/ec2-user/environment/TAMUber/app/controllers/events_controller.rb": [
        0,
        0,
        null,
        0,
        0,
        0,
        0,
        0,
        0,
        0,
        0,
        0,
        0,
        null,
        0,
        0,
        null,
        0,
        0,
        0,
        0,
        null,
        0,
        0,
        0,
        null,
        0,
        0,
        0,
        0,
        0,
        null,
        0,
        0,
        0,
        0,
        null,
        0,
        0,
        0,
        0,
        null,
        0,
        0,
        0,
        0,
        null,
        0,
        0,
        0,
        0
      ],
      "/home/ec2-user/environment/TAMUber/app/controllers/users_controller.rb": [
        0,
        0,
        null,
        0,
        0,
        0,
        0
      ],
      "/home/ec2-user/environment/TAMUber/app/controllers/requests_controller.rb": [
        0,
        null,
        0,
        null,
        0,
        0,
        0,
        null,
        0,
        0,
        0,
        null,
        null,
        null,
        0,
        0,
        0,
        null,
        0,
        0,
        null,
        0,
        0,
        null,
        0,
        0,
        0,
        0,
        0,
        0,
        0,
        null,
        0,
        0,
        0,
        0,
        0,
        0,
        0,
        0,
        0,
        0,
        0,
        0,
        0,
        0,
        null,
        0,
        null,
        0,
        0,
        0,
        0,
        null,
        0,
        0,
        0,
        0,
        null,
        0,
        0,
        null,
        0,
        0,
        0,
        0,
        0,
        null,
        0,
        0,
        0,
        0,
        0,
        0
      ],
      "/home/ec2-user/environment/TAMUber/app/mailers/application_mailer.rb": [
        0,
        0,
        0,
        0
      ],
      "/home/ec2-user/environment/TAMUber/app/mailers/user_mailer.rb": [
        0,
        0,
        0,
        0,
        0,
        0,
        0,
        0
      ],
      "/home/ec2-user/environment/TAMUber/app/models/event.rb": [
        0,
        0,
        0,
        0,
        0,
        0,
        0,
        0
      ],
      "/home/ec2-user/environment/TAMUber/app/models/request.rb": [
        0,
        0
      ],
      "/home/ec2-user/environment/TAMUber/app/models/alerts.rb": [
        0,
        0
      ],
      "/home/ec2-user/environment/TAMUber/app/models/onduty.rb": [
        0,
        0
      ],
      "/home/ec2-user/environment/TAMUber/app/models/driver.rb": [
        0,
        0,
        0
      ],
      "/home/ec2-user/environment/TAMUber/app/jobs/application_job.rb": [
        0,
        0
      ],
      "/home/ec2-user/environment/TAMUber/app/channels/application_cable/connection.rb": [
        0,
        0,
        0,
        0
      ],
      "/home/ec2-user/environment/TAMUber/app/channels/application_cable/channel.rb": [
        0,
        0,
        0,
        0
      ]
    },
    "timestamp": 1573851976
  },
  "RSpec": {
    "coverage": {
      "/Users/lyuying/Documents/SoftwareEngineeringCSCE606/wwshenmegui/tamuber-vehicles-19fall/app/models/user.rb": [
        1,
        null,
        null,
        1,
        null,
        null
      ],
      "/Users/lyuying/Documents/SoftwareEngineeringCSCE606/wwshenmegui/tamuber-vehicles-19fall/app/models/application_record.rb": [
        1,
        1,
        null
      ],
      "/Users/lyuying/Documents/SoftwareEngineeringCSCE606/wwshenmegui/tamuber-vehicles-19fall/app/helpers/application_helper.rb": [
        1,
        null
      ],
      "/Users/lyuying/Documents/SoftwareEngineeringCSCE606/wwshenmegui/tamuber-vehicles-19fall/app/helpers/drivers_helper.rb": [
        1,
        null
      ],
      "/Users/lyuying/Documents/SoftwareEngineeringCSCE606/wwshenmegui/tamuber-vehicles-19fall/app/helpers/events_helper.rb": [
        1,
        null
      ],
      "/Users/lyuying/Documents/SoftwareEngineeringCSCE606/wwshenmegui/tamuber-vehicles-19fall/app/helpers/onduties_helper.rb": [
        1,
        null
      ],
      "/Users/lyuying/Documents/SoftwareEngineeringCSCE606/wwshenmegui/tamuber-vehicles-19fall/app/helpers/requests_helper.rb": [
        1,
        null
      ],
      "/Users/lyuying/Documents/SoftwareEngineeringCSCE606/wwshenmegui/tamuber-vehicles-19fall/app/helpers/schedules_helper.rb": [
        1,
        null
      ],
      "/Users/lyuying/Documents/SoftwareEngineeringCSCE606/wwshenmegui/tamuber-vehicles-19fall/app/helpers/users_helper.rb": [
        1,
        null
      ],
      "/Users/lyuying/Documents/SoftwareEngineeringCSCE606/wwshenmegui/tamuber-vehicles-19fall/app/helpers/vehicles_helper.rb": [
        1,
        null
      ],
      "/Users/lyuying/Documents/SoftwareEngineeringCSCE606/wwshenmegui/tamuber-vehicles-19fall/app/controllers/drivers_controller.rb": [
        1,
        1,
        1,
        null,
        1,
        8,
        null,
        null,
        1,
        6,
        null,
        null,
        1,
        1,
        null,
        null,
        1,
        null,
        null,
        1,
        3,
        3,
        3,
        null,
        null,
        1,
        1,
        null,
        null,
        1,
        3,
        3,
        3,
        null,
        null,
        1,
        4,
        4,
        4,
        null,
        null
      ],
      "/Users/lyuying/Documents/SoftwareEngineeringCSCE606/wwshenmegui/tamuber-vehicles-19fall/app/controllers/application_controller.rb": [
        1,
        1,
        null,
        1,
        0,
        0,
        null,
        null
      ],
      "/Users/lyuying/Documents/SoftwareEngineeringCSCE606/wwshenmegui/tamuber-vehicles-19fall/app/controllers/events_controller.rb": [
        1,
        1,
        1,
        1,
        1,
        1,
        1,
        58,
        58,
        null,
        1,
        0,
        null,
        null,
        1,
        null,
        null,
        1,
        0,
        0,
        null,
        null,
        1,
        0,
        null,
        null,
        1,
        2,
        2,
        2,
        2,
        2,
        null,
        null,
        1,
        0,
        0,
        0,
        null,
        0,
        0,
        0,
        0,
        0,
        0,
        null,
        null,
        null,
        1,
        0,
        0,
        null,
        null,
        1,
        1,
        0,
        null,
        null,
        1,
        4,
        null,
        null
      ],
      "/Users/lyuying/Documents/SoftwareEngineeringCSCE606/wwshenmegui/tamuber-vehicles-19fall/app/models/driver.rb": [
        1,
        1,
        null
      ],
      "/Users/lyuying/Documents/SoftwareEngineeringCSCE606/wwshenmegui/tamuber-vehicles-19fall/app/controllers/onduties_controller.rb": [
        1,
        1,
        1,
        1,
        null,
        1,
        0,
        null,
        null,
        1,
        0,
        null,
        null,
        1,
        1,
        null,
        null,
        null,
        1,
        null,
        null,
        1,
        null,
        null,
        1,
        0,
        0,
        0,
        null,
        null,
        1,
        null,
        null,
        1,
        0,
        0,
        0,
        null,
        null,
        1,
        0,
        0,
        0,
        null,
        null,
        1,
        0,
        null,
        0,
        0,
        null,
        null,
        null,
        null,
        null,
        null,
        null,
        null,
        null,
        null,
        null,
        null,
        null,
        null,
        null,
        null,
        null,
        null,
        null,
        null,
        null,
        null,
        null,
        null
      ],
      "/Users/lyuying/Documents/SoftwareEngineeringCSCE606/wwshenmegui/tamuber-vehicles-19fall/app/controllers/requests_controller.rb": [
        1,
        null,
        1,
        null,
        1,
        4,
        null,
        null,
        1,
        4,
        null,
        null,
        null,
        null,
        1,
        1,
        null,
        null,
        1,
        null,
        null,
        1,
        null,
        null,
        1,
        2,
        2,
        2,
        1,
        1,
        null,
        null,
        1,
        1,
        1,
        1,
        1,
        1,
        1,
        1,
        1,
        1,
        1,
        1,
        1,
        1,
        null,
        1,
        null,
        1,
        1,
        1,
        1,
        null,
        1,
        1,
        null,
        null,
        null,
        1,
        null,
        null,
        1,
        3,
        3,
        3,
        null,
        null,
        1,
        0,
        0,
        0,
        null,
        null
      ],
      "/Users/lyuying/Documents/SoftwareEngineeringCSCE606/wwshenmegui/tamuber-vehicles-19fall/app/controllers/schedules_controller.rb": [
        1,
        1,
        1,
        null,
        null,
        null,
        1,
        1,
        1,
        1,
        1,
        60,
        null,
        null,
        null,
        null,
        null,
        1,
        null,
        null,
        null,
        1,
        0,
        null,
        null,
        null,
        1,
        null,
        null,
        null,
        null,
        1,
        0,
        null,
        0,
        0,
        0,
        0,
        null,
        0,
        0,
        null,
        null,
        null,
        null,
        null,
        null,
        1,
        0,
        0,
        0,
        0,
        null,
        0,
        0,
        null,
        null,
        null,
        null,
        null,
        null,
        1,
        0,
        0,
        0,
        0,
        null,
        null,
        null,
        1,
        null,
        1,
        0,
        null,
        null,
        null,
        1,
        0,
        null,
        null
      ],
      "/Users/lyuying/Documents/SoftwareEngineeringCSCE606/wwshenmegui/tamuber-vehicles-19fall/app/controllers/users_controller.rb": [
        1,
        1,
        1,
        null,
        1,
        0,
        null,
        null,
        1,
        1,
        null,
        1,
        null,
        null,
        1,
        0,
        null,
        null,
        1,
        0,
        null,
        null,
        1,
        0,
        0,
        0,
        null,
        null,
        1,
        0,
        0,
        0,
        null,
        null,
        1,
        1,
        0,
        null,
        null
      ],
      "/Users/lyuying/Documents/SoftwareEngineeringCSCE606/wwshenmegui/tamuber-vehicles-19fall/app/controllers/vehicles_controller.rb": [
        1,
        1,
        1,
        null,
        1,
        7,
        null,
        null,
        1,
        1,
        null,
        null,
        1,
        null,
        null,
        1,
        null,
        null,
        1,
        3,
        3,
        3,
        null,
        null,
        1,
        null,
        null,
        1,
        4,
        4,
        4,
        null,
        null,
        1,
        3,
        3,
        3,
        null,
        null,
        1,
        1,
        7,
        null,
        null,
        null
      ],
      "/Users/lyuying/Documents/SoftwareEngineeringCSCE606/wwshenmegui/tamuber-vehicles-19fall/app/models/event.rb": [
        1,
        1,
        1,
        1,
        1,
        1,
        1,
        1,
        1,
        0,
        7,
        null,
        1,
        1,
        0,
        null,
        1,
        0,
        null,
        1,
        null,
        0,
        0,
        null,
        0,
        null,
        0,
        null,
        0,
        null,
        0,
        0,
        null,
        1,
        0,
        0,
        0,
        null,
        null
      ],
      "/Users/lyuying/Documents/SoftwareEngineeringCSCE606/wwshenmegui/tamuber-vehicles-19fall/app/models/onduty.rb": [
        1,
        null
      ],
      "/Users/lyuying/Documents/SoftwareEngineeringCSCE606/wwshenmegui/tamuber-vehicles-19fall/app/models/request.rb": [
        1,
        null
      ],
      "/Users/lyuying/Documents/SoftwareEngineeringCSCE606/wwshenmegui/tamuber-vehicles-19fall/app/models/vehicle.rb": [
        1,
        null
      ],
      "/Users/lyuying/Documents/SoftwareEngineeringCSCE606/wwshenmegui/tamuber-vehicles-19fall/app/mailers/user_mailer.rb": [
        0,
        0,
        0,
        0,
        0,
        0,
        0,
        0
      ],
      "/Users/lyuying/Documents/SoftwareEngineeringCSCE606/wwshenmegui/tamuber-vehicles-19fall/app/mailers/application_mailer.rb": [
        0,
        0,
        0,
        0
      ],
      "/Users/lyuying/Documents/SoftwareEngineeringCSCE606/wwshenmegui/tamuber-vehicles-19fall/app/models/alerts.rb": [
        0,
        0
      ],
      "/Users/lyuying/Documents/SoftwareEngineeringCSCE606/wwshenmegui/tamuber-vehicles-19fall/app/jobs/application_job.rb": [
        0,
        0
      ],
      "/Users/lyuying/Documents/SoftwareEngineeringCSCE606/wwshenmegui/tamuber-vehicles-19fall/app/controllers/alerts_controller.rb": [
        0,
        0,
        0,
        null,
        0,
        0,
        0,
        null,
        0,
        0,
        0,
        null,
        0,
        0,
        0,
        null,
        0,
        0,
        null,
        0,
        0,
        0,
        0,
        0,
        null,
        0
      ],
      "/Users/lyuying/Documents/SoftwareEngineeringCSCE606/wwshenmegui/tamuber-vehicles-19fall/app/controllers/confirmations_controller.rb": [
        0,
        null,
        null,
        0,
        0,
        0,
        null,
        null,
        null,
        0,
        0,
        0,
        null,
        0,
        0,
        0,
        0,
        0,
        0,
        null,
        null,
        null,
        0,
        0,
        0,
        null,
        0,
        0,
        0,
        0,
        0,
        0,
        0,
        null,
        0,
        null,
        null,
        null,
        0,
        0,
        0,
        null,
        null,
        null,
        0,
        0,
        0,
        0,
        0,
        0,
        0,
        null,
        0,
        0,
        0,
        0
      ],
      "/Users/lyuying/Documents/SoftwareEngineeringCSCE606/wwshenmegui/tamuber-vehicles-19fall/app/controllers/concerns/registrations_controller.rb": [
        0,
        null,
        null,
        0,
        0,
        0,
        null,
        null,
        0,
        null,
        null,
        0,
        0,
        0,
        0,
        null,
        null,
        0,
        null,
        0,
        0,
        0,
        0,
        null,
        null,
        0,
        0,
        0,
        0,
        null,
        0,
        null,
        null,
        null,
        0,
        0,
        null,
        null,
        0,
        0,
        0,
        0,
        0,
        0
      ],
      "/Users/lyuying/Documents/SoftwareEngineeringCSCE606/wwshenmegui/tamuber-vehicles-19fall/app/channels/application_cable/connection.rb": [
        0,
        0,
        0,
        0
      ],
      "/Users/lyuying/Documents/SoftwareEngineeringCSCE606/wwshenmegui/tamuber-vehicles-19fall/app/channels/application_cable/channel.rb": [
        0,
        0,
        0,
        0
      ]
    },
    "timestamp": 1576272933
  }
}
